2024/12/16 21:54:33 Логирование начато
2024/12/16 21:54:33 Подключение к базе данных установлено!
2024/12/16 21:54:38 Получены учетные данные: Email: Sidakovms@fp1.su, Password: Luna8600
2024/12/16 21:54:38 Текущий search_path после переключения: "account630_схп_терский"
2024/12/16 21:54:38 Таблица users не существует. Выполняем миграцию.
2024/12/16 21:54:38 Ошибка миграции таблицы users: invalid field found for struct integration-cropwise-v1/models.AvatarForUsers's field AvatarLarge: define a valid foreign key for relations or implement the Valuer/Scanner interface
2024/12/16 22:00:25 Логирование начато
2024/12/16 22:00:25 Подключение к базе данных установлено!
2024/12/16 22:00:27 Получены учетные данные: Email: Sidakovms@fp1.su, Password: Luna8600
2024/12/16 22:00:28 Текущий search_path после переключения: "account630_схп_терский"
2024/12/16 22:00:28 Таблица users не существует. Выполняем миграцию.
2024/12/16 22:00:28 Схема "account630_схп_терский" успешно создана и миграция выполнена.
2024/12/16 22:00:28 Компания account630_схп_терский успешно сохранена, и схема создана.
2024/12/16 22:00:28 Запуск миграции и загрузки данных для компании Account630_СХП Терский...
2024/12/16 22:00:28 Обрабатываем компанию: Account630_СХП Терский
2024/12/16 22:00:28 Начинаем загрузку данных для схемы: account630_схп_терский
2024/12/16 22:00:30 Данные users успешно загружены для схемы account630_схп_терский
2024/12/16 22:00:30 Данные успешно загружены для компании Account630_СХП Терский.
2024/12/16 22:11:09 Логирование начато
2024/12/16 22:11:09 Подключение к базе данных установлено!
2024/12/16 22:11:14 Получены учетные данные: Email: Sidakovms@fp1.su, Password: Luna8600
2024/12/16 22:11:15 Текущий search_path после переключения: "account630_схп_терский"
2024/12/16 22:11:15 Таблица versions не существует. Выполняем миграцию.
2024/12/16 22:11:15 Схема "account630_схп_терский" успешно создана и миграция выполнена.
2024/12/16 22:11:15 Компания account630_схп_терский успешно сохранена, и схема создана.
2024/12/16 22:11:15 Запуск миграции и загрузки данных для компании Account630_СХП Терский...
2024/12/16 22:11:15 Обрабатываем компанию: Account630_СХП Терский
2024/12/16 22:11:15 Начинаем загрузку данных о версиях для схемы: account630_схп_терский
2024/12/16 22:11:15 Ошибка загрузки versions для компании Account630_СХП Терский: ошибка парсинга JSON: json: cannot unmarshal object into Go struct field Version.data.snapshot_before_change of type string
2024/12/16 22:11:15 Данные успешно загружены для компании Account630_СХП Терский.
2024/12/16 22:14:19 Логирование начато
2024/12/16 22:14:19 Подключение к базе данных установлено!
2024/12/16 22:14:23 Получены учетные данные: Email: Sidakovms@fp1.su, Password: Luna8600
2024/12/16 22:14:23 Текущий search_path после переключения: "account630_схп_терский"
2024/12/16 22:14:23 Таблица versions не существует. Выполняем миграцию.
2024/12/16 22:14:23 Схема "account630_схп_терский" успешно создана и миграция выполнена.
2024/12/16 22:14:23 Компания account630_схп_терский успешно сохранена, и схема создана.
2024/12/16 22:14:23 Запуск миграции и загрузки данных для компании Account630_СХП Терский...
2024/12/16 22:14:23 Обрабатываем компанию: Account630_СХП Терский
2024/12/16 22:14:23 Начинаем загрузку данных о версиях для схемы: account630_схп_терский
2024/12/16 22:14:23 Ошибка загрузки versions для компании Account630_СХП Терский: ошибка парсинга JSON: json: cannot unmarshal object into Go struct field Version.data.snapshot_before_change of type string
2024/12/16 22:14:23 Данные успешно загружены для компании Account630_СХП Терский.
2024/12/16 22:16:33 Логирование начато
2024/12/16 22:16:33 Подключение к базе данных установлено!
2024/12/16 22:16:37 Получены учетные данные: Email: Sidakovms@fp1.su, Password: Luna8600
2024/12/16 22:16:37 Текущий search_path после переключения: "account630_схп_терский"
2024/12/16 22:16:37 Таблица versions не существует. Выполняем миграцию.
2024/12/16 22:16:37 Ошибка миграции таблицы versions: unsupported data type: integration-cropwise-v1/models.SnapshotBeforeChange
2024/12/16 22:18:17 Логирование начато
2024/12/16 22:18:17 Подключение к базе данных установлено!
2024/12/16 22:18:21 Получены учетные данные: Email: Sidakovms@fp1.su, Password: Luna8600
2024/12/16 22:18:21 Текущий search_path после переключения: "account630_схп_терский"
2024/12/16 22:18:21 Таблица versions не существует. Выполняем миграцию.
2024/12/16 22:18:21 Схема "account630_схп_терский" успешно создана и миграция выполнена.
2024/12/16 22:18:21 Компания account630_схп_терский успешно сохранена, и схема создана.
2024/12/16 22:18:21 Запуск миграции и загрузки данных для компании Account630_СХП Терский...
2024/12/16 22:18:21 Обрабатываем компанию: Account630_СХП Терский
2024/12/16 22:18:21 Начинаем загрузку данных о версиях для схемы: account630_схп_терский
2024/12/16 22:49:12 Логирование начато
2024/12/16 22:49:12 Подключение к базе данных установлено!
2024/12/16 22:49:21 Получены учетные данные: Email: Sidakovms@fp1.su, Password: Luna8600
2024/12/16 22:49:21 Текущий search_path после переключения: "account630_схп_терский"
2024/12/16 22:49:21 Таблица work_type не существует. Выполняем миграцию.
2024/12/16 22:49:21 Схема "account630_схп_терский" успешно создана и миграция выполнена.
2024/12/16 22:49:21 Компания account630_схп_терский успешно сохранена, и схема создана.
2024/12/16 22:49:21 Запуск миграции и загрузки данных для компании Account630_СХП Терский...
2024/12/16 22:49:21 Обрабатываем компанию: Account630_СХП Терский
2024/12/16 22:49:21 Начинаем загрузку данных work_types для схемы: account630_схп_терский
2024/12/16 22:49:22 Данные work_types успешно загружены для схемы account630_схп_терский
2024/12/16 22:49:22 Данные успешно загружены для компании Account630_СХП Терский.
2024/12/16 22:55:09 Логирование начато
2024/12/16 22:55:09 Подключение к базе данных установлено!
2024/12/16 22:55:39 Получены учетные данные: Email: Sidakovms@fp1.su, Password: Luna8600
2024/12/16 22:55:52 Получены учетные данные: Email: Sidakovms@fp1.su, Password: Luna8600
2024/12/16 22:56:09 Логирование начато
2024/12/16 22:56:09 Подключение к базе данных установлено!
2024/12/16 22:56:12 Получены учетные данные: Email: Sidakovms@fp1.su, Password: Luna8600
2024/12/16 22:56:12 Текущий search_path после переключения: "account630_схп_терский"
2024/12/16 22:56:12 Таблица work_type_group не существует. Выполняем миграцию.
2024/12/16 22:56:12 Схема "account630_схп_терский" успешно создана и миграция выполнена.
2024/12/16 22:56:12 Компания account630_схп_терский успешно сохранена, и схема создана.
2024/12/16 22:56:12 Запуск миграции и загрузки данных для компании Account630_СХП Терский...
2024/12/16 22:56:12 Обрабатываем компанию: Account630_СХП Терский
2024/12/16 22:56:12 Начинаем загрузку данных work_type_groups для схемы: account630_схп_терский
2024/12/16 22:56:12 Данные work_type_groups успешно загружены для схемы account630_схп_терский
2024/12/16 22:56:12 Данные успешно загружены для компании Account630_СХП Терский.
